[0m21:16:49.009505 [debug] [MainThread]: Sending event: {'category': 'dbt', 'action': 'invocation', 'label': 'start', 'context': [<snowplow_tracker.self_describing_json.SelfDescribingJson object at 0x0000027CD10A7230>, <snowplow_tracker.self_describing_json.SelfDescribingJson object at 0x0000027CCDA9AFD0>, <snowplow_tracker.self_describing_json.SelfDescribingJson object at 0x0000027CD1BA3750>]}


============================== 21:16:49.016723 | a6475c3b-9b53-4ced-9b53-c8507332e860 ==============================
[0m21:16:49.016723 [info ] [MainThread]: Running with dbt=1.11.8
[0m21:16:49.017360 [debug] [MainThread]: running dbt with arguments {'static_parser': 'True', 'no_print': 'None', 'version_check': 'True', 'target_path': 'None', 'warn_error_options': 'WarnErrorOptionsV2(error=[], warn=[], silence=[])', 'printer_width': '80', 'write_json': 'True', 'introspect': 'True', 'log_cache_events': 'False', 'empty': 'None', 'cache_selected_only': 'False', 'log_format': 'default', 'debug': 'False', 'fail_fast': 'False', 'profiles_dir': 'C:\\Users\\vladi\\.dbt', 'send_anonymous_usage_stats': 'True', 'quiet': 'False', 'warn_error': 'None', 'partial_parse': 'True', 'indirect_selection': 'eager', 'use_colors': 'True', 'invocation_command': 'dbt init lol_ranked_dbt', 'use_experimental_parser': 'False', 'log_path': 'logs'}
[0m21:16:49.047240 [debug] [MainThread]: Starter project path: C:\Users\vladi\AppData\Local\Programs\Python\Python313\Lib\site-packages\dbt\include\starter_project
[0m21:16:49.066175 [info ] [MainThread]: 
Your new dbt project "lol_ranked_dbt" was created!

For more information on how to configure the profiles.yml file,
please consult the dbt documentation here:

  https://docs.getdbt.com/docs/configure-your-profile

One more thing:

Need help? Don't hesitate to reach out to us via GitHub issues or on Slack:

  https://community.getdbt.com/

Happy modeling!

[0m21:16:49.066796 [info ] [MainThread]: Setting up your profile.
[0m21:17:53.981428 [info ] [MainThread]: Profile lol_ranked_dbt written to C:\Users\vladi\.dbt\profiles.yml using target's profile_template.yml and your supplied values. Run 'dbt debug' to validate the connection.
[0m21:17:53.982826 [debug] [MainThread]: Command `dbt init` succeeded at 21:17:53.982660 after 65.09 seconds
[0m21:17:53.983263 [debug] [MainThread]: Sending event: {'category': 'dbt', 'action': 'invocation', 'label': 'end', 'context': [<snowplow_tracker.self_describing_json.SelfDescribingJson object at 0x0000027CD3470180>, <snowplow_tracker.self_describing_json.SelfDescribingJson object at 0x0000027CD345CDD0>, <snowplow_tracker.self_describing_json.SelfDescribingJson object at 0x0000027CD20FFAC0>]}
[0m21:17:53.983672 [debug] [MainThread]: Flushing usage events
[0m21:17:54.413636 [debug] [MainThread]: An error was encountered while trying to flush usage events
